<?xml version="1.0" encoding="UTF-8"?>
<testng-results ignored="0" total="1" passed="1" failed="0" skipped="0">
  <reporter-output>
  </reporter-output>
  <suite started-at="2023-05-07T18:56:22 CEST" name="Default suite" finished-at="2023-05-07T18:56:29 CEST" duration-ms="7380">
    <groups>
    </groups>
    <test started-at="2023-05-07T18:56:22 CEST" name="Default test" finished-at="2023-05-07T18:56:29 CEST" duration-ms="7380">
      <class name="com.saucedemo.OrderCompleteTest">
        <test-method is-config="true" signature="setup()[pri:0, instance:com.saucedemo.OrderCompleteTest@5ab956d7]" started-at="2023-05-07T18:56:22 CEST" name="setup" finished-at="2023-05-07T18:56:26 CEST" duration-ms="3626" status="PASS">
          <reporter-output>
          </reporter-output>
        </test-method> <!-- setup -->
        <test-method signature="endToEndTest()[pri:0, instance:com.saucedemo.OrderCompleteTest@5ab956d7]" started-at="2023-05-07T18:56:26 CEST" name="endToEndTest" finished-at="2023-05-07T18:56:29 CEST" duration-ms="2988" status="PASS">
          <reporter-output>
          </reporter-output>
        </test-method> <!-- endToEndTest -->
        <test-method is-config="true" signature="tearDown()[pri:0, instance:com.saucedemo.OrderCompleteTest@5ab956d7]" started-at="2023-05-07T18:56:29 CEST" name="tearDown" finished-at="2023-05-07T18:56:29 CEST" duration-ms="267" status="PASS">
          <reporter-output>
          </reporter-output>
        </test-method> <!-- tearDown -->
      </class> <!-- com.saucedemo.OrderCompleteTest -->
    </test> <!-- Default test -->
  </suite> <!-- Default suite -->
</testng-results>
